
--------------------------------------------------
  Verbosity = 2
--------------------------------------------------

-- level_playdo.py : initialized _waterfall_example.xml ...
-- level_playdo.py : number tile layers found : 15

︽ Scanning for waterfalls ︽

  Creating "meadow bg" waterfalls at "bg_tiles,1"
  Creating "meadow fg" waterfalls at "fg_tiles,11"

  Printing waterfalls
    (1, 2)
    (3, 4)
    bg_tiles,1
    meadow bg

    (5, 6)
    (7, 8)
    bg_tiles,1
    meadow bg

    (1, 2)
    (3, 4)
    fg_tiles,11
    meadow fg

    (5, 6)
    (7, 8)
    fg_tiles,11
    meadow fg

︾ Total of 4 waterfalls scanned ︾

