
--------------------------------------------------
  /Users/thachvu/Desktop/StarTools
  Verbosity = 1
--------------------------------------------------

-- pattern_matcher.py : initialized ...
-- pattern_matcher.py : initialized ...
-- pattern_matcher.py : initialized ...
-- pattern_matcher.py : initialized ...
-- pattern_matcher.py : breakables_mouth_bb found 9 matches!
-- pattern_matcher.py : breakables_mouth_bb2 found 1 matches!
-- pattern_matcher.py : reef4_1f found 2 matches!
-- pattern_matcher.py : reef4_2 found 2 matches!
-- pattern_matcher.py : reef4_2f found 2 matches!
-- pattern_matcher.py : ground_ground 10x10 found 0 matches!
-- pattern_matcher.py : ground_ground 5x5 found 38 matches!
-- pattern_matcher.py : ground_ground 4x4 found 25 matches!
-- pattern_matcher.py : ground_ground 3x3 found 14 matches!
-- pattern_matcher.py : ground_ground 2x2 found 39 matches!
-- pattern_matcher.py : ground_ground 1x4 found 6 matches!
-- pattern_matcher.py : ground_ground 1x2 found 17 matches!
-- pattern_matcher.py : ground_ground 4x1 found 7 matches!
-- pattern_matcher.py : ground_ground 2x1 found 34 matches!
-- pattern_matcher.py : ground_ground 1x1 found 30 matches!
-- pattern_matcher.py : owp_flat_3 found 0 matches!
-- pattern_matcher.py : owp_flat_2 found 3 matches!
-- pattern_matcher.py : owp_flat_1 found 0 matches!
-- pattern_matcher.py : owp_1x2_1 found 1 matches!
-- pattern_matcher.py : owp_1x2_1f found 2 matches!
-- pattern_matcher.py : owp_1x4_1 found 1 matches!
-- pattern_matcher.py : slope_1x1_ground 1x1 found 5 matches!
-- pattern_matcher.py : slope_1x1_1f found 2 matches!
-- pattern_matcher.py : slope_1x1_2 found 3 matches!
-- pattern_matcher.py : slope_1x1_2f found 1 matches!
-- pattern_matcher.py : slope_1x1_3 found 8 matches!
-- pattern_matcher.py : slope_1x1_4 found 13 matches!
-- pattern_matcher.py : slope_1x1_4f found 4 matches!
-- pattern_matcher.py : slope_1x2_ground 1x1 found 24 matches!
-- pattern_matcher.py : slope_1x2_1f found 17 matches!
-- pattern_matcher.py : slope_1x2_3 found 20 matches!
-- pattern_matcher.py : slope_1x2_3f found 12 matches!
-- pattern_matcher.py : slope_1x2a_1 found 0 matches!
-- pattern_matcher.py : slope_1x2a_1f found 0 matches!
-- pattern_matcher.py : slope_1x2a_3 found 0 matches!
-- pattern_matcher.py : slope_1x2a_3f found 0 matches!
-- pattern_matcher.py : slope_1x2a_4 found 1 matches!
-- pattern_matcher.py : slope_1x2a_4f found 1 matches!
-- pattern_matcher.py : slope_1x2b_1 found 0 matches!
-- pattern_matcher.py : slope_1x2b_1f found 0 matches!
-- pattern_matcher.py : slope_1x2b_3 found 0 matches!
-- pattern_matcher.py : slope_1x2b_3f found 0 matches!
-- pattern_matcher.py : slope_1x4_ground 1x1 found 2 matches!
-- pattern_matcher.py : slope_1x4_1f found 1 matches!
-- pattern_matcher.py : slope_1x4_3 found 1 matches!
-- pattern_matcher.py : slope_1x4_3f found 1 matches!
-- pattern_matcher.py : slope_1x4a_1 found 0 matches!
-- pattern_matcher.py : slope_1x4a_1f found 0 matches!
-- pattern_matcher.py : slope_1x4a_3 found 0 matches!
-- pattern_matcher.py : slope_1x4a_3f found 0 matches!
